<?xml version="1.0" encoding="UTF-8"?>
<!-- Generated by org.testng.reporters.JUnitXMLReporter -->
<testsuite hostname="DESKTOP-AMG9M4J" name="Default test" tests="4" failures="0" timestamp="10 Jan 2021 06:45:13 GMT" time="145.793" errors="0">
  <testcase name="ContactformTest" time="1.144" classname="com.test.McLendonsTest"/>
  <testcase name="ContactformTest" time="1.345" classname="com.test.McLendonsTest"/>
  <testcase name="ContactformTest" time="1.047" classname="com.test.McLendonsTest"/>
  <testcase name="ContactformTest" time="1.189" classname="com.test.McLendonsTest"/>
</testsuite> <!-- Default test -->
