<?xml version="1.0" encoding="UTF-8"?>
<testng-results skipped="0" failed="0" total="4" passed="4">
  <reporter-output>
  </reporter-output>
  <suite name="Default suite" duration-ms="145793" started-at="2021-01-10T06:42:47Z" finished-at="2021-01-10T06:45:13Z">
    <groups>
    </groups>
    <test name="Default test" duration-ms="145793" started-at="2021-01-10T06:42:47Z" finished-at="2021-01-10T06:45:13Z">
      <class name="com.test.McLendonsTest">
        <test-method status="PASS" signature="setUp()[pri:0, instance:com.test.McLendonsTest@cc285f4]" name="setUp" is-config="true" duration-ms="45401" started-at="2021-01-10T12:12:48Z" finished-at="2021-01-10T12:13:33Z">
          <reporter-output>
          </reporter-output>
        </test-method> <!-- setUp -->
        <test-method status="PASS" signature="ContactformTest(java.lang.String, java.lang.String, java.lang.String, java.lang.String, java.lang.String, java.lang.String, java.lang.String)[pri:0, instance:com.test.McLendonsTest@cc285f4]" name="ContactformTest" duration-ms="1144" started-at="2021-01-10T12:13:33Z" data-provider="getTestData" finished-at="2021-01-10T12:13:35Z">
          <params>
            <param index="0">
              <value>
                <![CDATA[Website Questions]]>
              </value>
            </param>
            <param index="1">
              <value>
                <![CDATA[Daya]]>
              </value>
            </param>
            <param index="2">
              <value>
                <![CDATA[Anand]]>
              </value>
            </param>
            <param index="3">
              <value>
                <![CDATA[dayanand.alpha69@gmail.com]]>
              </value>
            </param>
            <param index="4">
              <value>
                <![CDATA[1234567890]]>
              </value>
            </param>
            <param index="5">
              <value>
                <![CDATA[Kent]]>
              </value>
            </param>
            <param index="6">
              <value>
                <![CDATA[dayaTest1]]>
              </value>
            </param>
          </params>
          <reporter-output>
          </reporter-output>
        </test-method> <!-- ContactformTest -->
        <test-method status="PASS" signature="tearDown()[pri:0, instance:com.test.McLendonsTest@cc285f4]" name="tearDown" is-config="true" duration-ms="676" started-at="2021-01-10T12:13:35Z" finished-at="2021-01-10T12:13:35Z">
          <reporter-output>
          </reporter-output>
        </test-method> <!-- tearDown -->
        <test-method status="PASS" signature="setUp()[pri:0, instance:com.test.McLendonsTest@cc285f4]" name="setUp" is-config="true" duration-ms="28230" started-at="2021-01-10T12:13:35Z" finished-at="2021-01-10T12:14:03Z">
          <reporter-output>
          </reporter-output>
        </test-method> <!-- setUp -->
        <test-method status="PASS" signature="ContactformTest(java.lang.String, java.lang.String, java.lang.String, java.lang.String, java.lang.String, java.lang.String, java.lang.String)[pri:0, instance:com.test.McLendonsTest@cc285f4]" name="ContactformTest" duration-ms="1345" started-at="2021-01-10T12:14:03Z" data-provider="getTestData" finished-at="2021-01-10T12:14:05Z">
          <params>
            <param index="0">
              <value>
                <![CDATA[New Products]]>
              </value>
            </param>
            <param index="1">
              <value>
                <![CDATA[Dev]]>
              </value>
            </param>
            <param index="2">
              <value>
                <![CDATA[Test2]]>
              </value>
            </param>
            <param index="3">
              <value>
                <![CDATA[dayanand.alpha69@gmail.com]]>
              </value>
            </param>
            <param index="4">
              <value>
                <![CDATA[1234567891]]>
              </value>
            </param>
            <param index="5">
              <value>
                <![CDATA[Puyallup]]>
              </value>
            </param>
            <param index="6">
              <value>
                <![CDATA[dayaTest2]]>
              </value>
            </param>
          </params>
          <reporter-output>
          </reporter-output>
        </test-method> <!-- ContactformTest -->
        <test-method status="PASS" signature="tearDown()[pri:0, instance:com.test.McLendonsTest@cc285f4]" name="tearDown" is-config="true" duration-ms="654" started-at="2021-01-10T12:14:05Z" finished-at="2021-01-10T12:14:05Z">
          <reporter-output>
          </reporter-output>
        </test-method> <!-- tearDown -->
        <test-method status="PASS" signature="setUp()[pri:0, instance:com.test.McLendonsTest@cc285f4]" name="setUp" is-config="true" duration-ms="28577" started-at="2021-01-10T12:14:05Z" finished-at="2021-01-10T12:14:34Z">
          <reporter-output>
          </reporter-output>
        </test-method> <!-- setUp -->
        <test-method status="PASS" signature="ContactformTest(java.lang.String, java.lang.String, java.lang.String, java.lang.String, java.lang.String, java.lang.String, java.lang.String)[pri:0, instance:com.test.McLendonsTest@cc285f4]" name="ContactformTest" duration-ms="1047" started-at="2021-01-10T12:14:34Z" data-provider="getTestData" finished-at="2021-01-10T12:14:35Z">
          <params>
            <param index="0">
              <value>
                <![CDATA[Customer Service ]]>
              </value>
            </param>
            <param index="1">
              <value>
                <![CDATA[Darsh]]>
              </value>
            </param>
            <param index="2">
              <value>
                <![CDATA[Test3]]>
              </value>
            </param>
            <param index="3">
              <value>
                <![CDATA[dayanand.alpha69@gmail.com]]>
              </value>
            </param>
            <param index="4">
              <value>
                <![CDATA[1234567892]]>
              </value>
            </param>
            <param index="5">
              <value>
                <![CDATA[Renton]]>
              </value>
            </param>
            <param index="6">
              <value>
                <![CDATA[dayaTest3]]>
              </value>
            </param>
          </params>
          <reporter-output>
          </reporter-output>
        </test-method> <!-- ContactformTest -->
        <test-method status="PASS" signature="tearDown()[pri:0, instance:com.test.McLendonsTest@cc285f4]" name="tearDown" is-config="true" duration-ms="645" started-at="2021-01-10T12:14:35Z" finished-at="2021-01-10T12:14:36Z">
          <reporter-output>
          </reporter-output>
        </test-method> <!-- tearDown -->
        <test-method status="PASS" signature="setUp()[pri:0, instance:com.test.McLendonsTest@cc285f4]" name="setUp" is-config="true" duration-ms="35427" started-at="2021-01-10T12:14:36Z" finished-at="2021-01-10T12:15:11Z">
          <reporter-output>
          </reporter-output>
        </test-method> <!-- setUp -->
        <test-method status="PASS" signature="ContactformTest(java.lang.String, java.lang.String, java.lang.String, java.lang.String, java.lang.String, java.lang.String, java.lang.String)[pri:0, instance:com.test.McLendonsTest@cc285f4]" name="ContactformTest" duration-ms="1189" started-at="2021-01-10T12:15:11Z" data-provider="getTestData" finished-at="2021-01-10T12:15:12Z">
          <params>
            <param index="0">
              <value>
                <![CDATA[Other]]>
              </value>
            </param>
            <param index="1">
              <value>
                <![CDATA[Lalith]]>
              </value>
            </param>
            <param index="2">
              <value>
                <![CDATA[Test4]]>
              </value>
            </param>
            <param index="3">
              <value>
                <![CDATA[dayanand.alpha69@gmail.com]]>
              </value>
            </param>
            <param index="4">
              <value>
                <![CDATA[1234567893]]>
              </value>
            </param>
            <param index="5">
              <value>
                <![CDATA[Sumner]]>
              </value>
            </param>
            <param index="6">
              <value>
                <![CDATA[dayaTest4]]>
              </value>
            </param>
          </params>
          <reporter-output>
          </reporter-output>
        </test-method> <!-- ContactformTest -->
        <test-method status="PASS" signature="tearDown()[pri:0, instance:com.test.McLendonsTest@cc285f4]" name="tearDown" is-config="true" duration-ms="645" started-at="2021-01-10T12:15:12Z" finished-at="2021-01-10T12:15:13Z">
          <reporter-output>
          </reporter-output>
        </test-method> <!-- tearDown -->
      </class> <!-- com.test.McLendonsTest -->
    </test> <!-- Default test -->
  </suite> <!-- Default suite -->
</testng-results>
